0 info it worked if it ends with ok
1 verbose cli [ '/usr/local/bin/node', '/usr/local/bin/npm', 'publish' ]
2 info using npm@3.8.6
3 info using node@v5.10.1
4 verbose publish [ '.' ]
5 silly cache add args [ '.', null ]
6 verbose cache add spec .
7 silly cache add parsed spec Result {
7 silly cache add   raw: '.',
7 silly cache add   scope: null,
7 silly cache add   name: null,
7 silly cache add   rawSpec: '.',
7 silly cache add   spec: '/Users/bheilman/Dropbox/workspace/scripz',
7 silly cache add   type: 'directory' }
8 verbose addLocalDirectory /Users/bheilman/.npm/Scripz/0.0.1/package.tgz not in flight; packing
9 verbose correctMkdir /Users/bheilman/.npm correctMkdir not in flight; initializing
10 info lifecycle Scripz@0.0.1~prepublish: Scripz@0.0.1
11 silly lifecycle Scripz@0.0.1~prepublish: no script for prepublish, continuing
12 verbose tar pack [ '/Users/bheilman/.npm/Scripz/0.0.1/package.tgz',
12 verbose tar pack   '/Users/bheilman/Dropbox/workspace/scripz' ]
13 verbose tarball /Users/bheilman/.npm/Scripz/0.0.1/package.tgz
14 verbose folder /Users/bheilman/Dropbox/workspace/scripz
15 verbose addLocalTarball adding from inside cache /Users/bheilman/.npm/Scripz/0.0.1/package.tgz
16 verbose correctMkdir /Users/bheilman/.npm correctMkdir not in flight; initializing
17 silly cache afterAdd Scripz@0.0.1
18 verbose afterAdd /Users/bheilman/.npm/Scripz/0.0.1/package/package.json not in flight; writing
19 verbose correctMkdir /Users/bheilman/.npm correctMkdir not in flight; initializing
20 verbose afterAdd /Users/bheilman/.npm/Scripz/0.0.1/package/package.json written
21 silly publish { name: 'Scripz',
21 silly publish   version: '0.0.1',
21 silly publish   descritpion: 'A way to run json encoded scripts',
21 silly publish   license: 'MIT',
21 silly publish   repository:
21 silly publish    { type: 'git',
21 silly publish      url: 'git+https://github.com/b-heilman/scripz.git' },
21 silly publish   scripts: { demo: 'gulp serve', build: 'gulp build' },
21 silly publish   dependencies: { 'es6-promise': '^3.1.2' },
21 silly publish   devDependencies:
21 silly publish    { babel: '^6.5.2',
21 silly publish      'babel-core': '^6.7.7',
21 silly publish      'babel-loader': '^6.2.4',
21 silly publish      'babel-preset-es2015': '^6.6.0',
21 silly publish      gulp: '^3.9.1',
21 silly publish      'gulp-jshint': '^2.0.0',
21 silly publish      'gulp-karma': '0.0.5',
21 silly publish      'gulp-load-plugins': '^1.2.2',
21 silly publish      'gulp-webpack': '^1.5.0',
21 silly publish      'gulp-webserver': '^0.9.1',
21 silly publish      jasmine: '^2.4.1',
21 silly publish      jshint: '^2.9.2',
21 silly publish      'jshint-stylish': '^2.1.0',
21 silly publish      karma: '^0.13.22',
21 silly publish      'karma-chrome-launcher': '^0.2.3',
21 silly publish      'karma-jasmine': '^0.3.8',
21 silly publish      'karma-phantomjs-launcher': '^1.0.0',
21 silly publish      'map-stream': '0.0.6',
21 silly publish      'phantomjs-polyfill': '0.0.2',
21 silly publish      'phantomjs-prebuilt': '^2.1.7',
21 silly publish      webpack: '^1.13.0' },
21 silly publish   readme: '# scripz\njson scripting library\n',
21 silly publish   readmeFilename: 'README.md',
21 silly publish   gitHead: '0a70403e1f95847b97d8b3a846618c2d7b1ed474',
21 silly publish   description: 'json scripting library',
21 silly publish   bugs: { url: 'https://github.com/b-heilman/scripz/issues' },
21 silly publish   homepage: 'https://github.com/b-heilman/scripz#readme',
21 silly publish   _id: 'Scripz@0.0.1',
21 silly publish   _shasum: 'f24c881edf711afb398e1d8ba3e06857d32ecaac',
21 silly publish   _from: '.' }
22 verbose getPublishConfig undefined
23 silly mapToRegistry name Scripz
24 silly mapToRegistry using default registry
25 silly mapToRegistry registry https://registry.npmjs.org/
26 silly mapToRegistry data Result {
26 silly mapToRegistry   raw: 'Scripz',
26 silly mapToRegistry   scope: null,
26 silly mapToRegistry   name: 'Scripz',
26 silly mapToRegistry   rawSpec: '',
26 silly mapToRegistry   spec: 'latest',
26 silly mapToRegistry   type: 'tag' }
27 silly mapToRegistry uri https://registry.npmjs.org/Scripz
28 verbose publish registryBase https://registry.npmjs.org/
29 silly publish uploading /Users/bheilman/.npm/Scripz/0.0.1/package.tgz
30 verbose request uri https://registry.npmjs.org/Scripz
31 verbose request sending authorization for write operation
32 info attempt registry request try #1 at 10:53:44 AM
33 verbose request using bearer token for auth
34 verbose request id fb5dec9a1d282d04
35 http request PUT https://registry.npmjs.org/Scripz
36 http 403 https://registry.npmjs.org/Scripz
37 verbose headers { 'content-type': 'application/json',
37 verbose headers   'cache-control': 'max-age=300',
37 verbose headers   'content-length': '95',
37 verbose headers   'accept-ranges': 'bytes',
37 verbose headers   date: 'Fri, 29 Apr 2016 14:53:41 GMT',
37 verbose headers   via: '1.1 varnish',
37 verbose headers   connection: 'keep-alive',
37 verbose headers   'x-served-by': 'cache-atl6240-ATL',
37 verbose headers   'x-cache': 'MISS',
37 verbose headers   'x-cache-hits': '0',
37 verbose headers   'x-timer': 'S1461941620.478339,VS0,VE823',
37 verbose headers   vary: 'Accept-Encoding' }
38 verbose request invalidating /Users/bheilman/.npm/registry.npmjs.org/Scripz on PUT
39 error publish Failed PUT 403
40 verbose stack Error: "You cannot publish over the previously published version 0.0.1." : Scripz
40 verbose stack     at makeError (/usr/local/lib/node_modules/npm/node_modules/npm-registry-client/lib/request.js:264:12)
40 verbose stack     at CachingRegistryClient.<anonymous> (/usr/local/lib/node_modules/npm/node_modules/npm-registry-client/lib/request.js:252:14)
40 verbose stack     at Request._callback (/usr/local/lib/node_modules/npm/node_modules/npm-registry-client/lib/request.js:172:14)
40 verbose stack     at Request.self.callback (/usr/local/lib/node_modules/npm/node_modules/request/request.js:199:22)
40 verbose stack     at emitTwo (events.js:100:13)
40 verbose stack     at Request.emit (events.js:185:7)
40 verbose stack     at Request.<anonymous> (/usr/local/lib/node_modules/npm/node_modules/request/request.js:1036:10)
40 verbose stack     at emitOne (events.js:95:20)
40 verbose stack     at Request.emit (events.js:182:7)
40 verbose stack     at IncomingMessage.<anonymous> (/usr/local/lib/node_modules/npm/node_modules/request/request.js:963:12)
41 verbose statusCode 403
42 verbose pkgid Scripz
43 verbose cwd /Users/bheilman/Dropbox/workspace/scripz
44 error Darwin 14.5.0
45 error argv "/usr/local/bin/node" "/usr/local/bin/npm" "publish"
46 error node v5.10.1
47 error npm  v3.8.6
48 error code E403
49 error "You cannot publish over the previously published version 0.0.1." : Scripz
50 error If you need help, you may report this error at:
50 error     <https://github.com/npm/npm/issues>
51 verbose exit [ 1, true ]
